build/app/outputs/mapping/release/seeds.txt
com.example.essishop_app.MainActivity
com.example.essishop_app.MainActivity: MainActivity()
...
io.flutter.embedding.engine.renderer.FlutterRenderer$ImageReaderSurfaceProducer: int requestedHeight
com.google.android.gms.internal.vision.zzfi$zzh: float zzh
androidx.fragment.app.FragmentManager$LaunchedFragmentInfo: android.os.Parcelable$Creator CREATOR
io.flutter.embedding.engine.renderer.FlutterRenderer$ImageReaderSurfaceProducer: boolean trimOnMemoryPressure
androidx.recyclerview.widget.StaggeredGridLayoutManager$LazySpanLookup$FullSpanItem: android.os.Parcelable$Creator CREATOR
io.flutter.plugin.platform.SingleViewPresentation: int viewId
io.flutter.plugins.GeneratedPluginRegistrant: java.lang.String TAG
com.google.android.gms.vision.barcode.Barcode$ContactInfo: android.os.Parcelable$Creator CREATOR
androidx.lifecycle.ProcessLifecycleOwner$attach$1: androidx.lifecycle.ProcessLifecycleOwner this$0
io.flutter.plugin.editing.ImeSyncDeferringInsetsCallback: android.view.View view
org.chromium.support_lib_boundary.WebSettingsBoundaryInterface$WebauthnSupport: int NONE
io.flutter.embedding.engine.FlutterJNI: float displayDensity
androidx.recyclerview.widget.RecyclerView$SavedState: android.os.Parcelable$Creator CREATOR
kotlinx.coroutines.channels.BufferedChannel: long completedExpandBuffersAndPauseFlag
io.flutter.embedding.engine.renderer.FlutterRenderer$ImageReaderSurfaceProducer: int numTrims
com.google.android.gms.vision.clearcut.DynamiteClearcutLogger: com.google.android.gms.vision.clearcut.VisionClearcutLogger zzc
com.google.android.gms.internal.vision.zzfi$zzi: com.google.android.gms.internal.vision.zzfi$zzi zzg
com.google.android.gms.common.api.Status: android.os.Parcelable$Creator CREATOR
io.flutter.embedding.engine.FlutterJNI: io.flutter.plugin.localization.LocalizationPlugin localizationPlugin
com.google.android.gms.common.internal.RootTelemetryConfiguration: android.os.Parcelable$Creator CREATOR
com.google.android.gms.internal.vision.zzfi$zzo: int zzg
com.google.android.gms.common.internal.ConnectionTelemetryConfiguration: android.os.Parcelable$Creator CREATOR
com.google.android.gms.internal.clearcut.zzge$zzd: int zztu
io.flutter.embedding.engine.renderer.FlutterRenderer$ImageReaderSurfaceProducer: long lastScheduleTime
androidx.concurrent.futures.AbstractResolvableFuture: androidx.concurrent.futures.AbstractResolvableFuture$Waiter waiters
io.flutter.plugin.platform.SingleViewPresentation: java.lang.String TAG
io.flutter.embedding.engine.renderer.FlutterRenderer$ImageTextureRegistryEntry: java.lang.String TAG
androidx.coordinatorlayout.widget.CoordinatorLayout$SavedState: android.os.Parcelable$Creator CREATOR
com.google.android.gms.vision.barcode.Barcode$Sms: android.os.Parcelable$Creator CREATOR
android.support.v4.media.MediaBrowserCompat$MediaItem: android.os.Parcelable$Creator CREATOR
com.google.android.gms.internal.vision.zzfi$zzc: java.lang.String zzf
com.google.android.gms.vision.barcode.Barcode$Phone: android.os.Parcelable$Creator CREATOR
com.google.android.gms.internal.vision.zzjb: com.google.android.gms.internal.vision.zzlx zzb
com.google.android.gms.internal.vision.zzfi$zzh: float zzg
kotlinx.coroutines.CancelledContinuation: int _resumed
com.google.android.gms.internal.vision.zzfi$zzo: com.google.android.gms.internal.vision.zzfi$zze zzd
com.google.android.gms.internal.vision.zzfi$zzj: int zzd
com.google.android.gms.clearcut.zzc: android.os.Parcelable$Creator CREATOR
org.chromium.support_lib_boundary.WebSettingsBoundaryInterface$SpeculativeLoadingStatus: int DISABLED
kotlinx.coroutines.internal.DispatchedContinuation: java.lang.Object _reusableCancellableContinuation
kotlinx.coroutines.CompletedExceptionally: int _handled
io.flutter.embedding.engine.FlutterJNI: java.util.Set engineLifecycleListeners
org.chromium.support_lib_boundary.ProcessGlobalConfigConstants: java.lang.String CONFIGURE_PARTITIONED_COOKIES
com.google.android.gms.internal.vision.zzfi$zzk: int zzc
com.google.android.gms.internal.clearcut.zzge$zzs: int zzbb
androidx.versionedparcelable.ParcelImpl: android.os.Parcelable$Creator CREATOR