build/app/outputs/mapping/release/usage.txt
com.example.essishop_app.R$drawable
com.example.essishop_app.R$mipmap
com.example.essishop_app.R$style
com.example.essishop_app.R
...
io.flutter.plugins.webviewflutter.CookieManagerProxyApi:
    public static final io.flutter.plugins.webviewflutter.PigeonApiCookieManager$Companion Companion
    static void <clinit>()
    public static androidx.core.app.NotificationCompat$Style getPigeonRegistrar()
    public static io.flutter.plugins.webviewflutter.ProxyApiRegistrar getPigeonRegistrar()
    public static androidx.core.app.NotificationCompat$Style getPigeonRegistrar$io$flutter$plugins$webviewflutter$PigeonApiCookieManager()
    public static android.webkit.CookieManager instance()
    public static void pigeon_newInstance()
    public static void pigeon_newInstance$io$flutter$plugins$webviewflutter$PigeonApiCookieManager()
    public static void removeAllCookies()
    public static void setAcceptThirdPartyCookies()
    public static void setCookie()
io.flutter.plugins.webviewflutter.CustomViewCallbackProxyApi:
    public static final io.flutter.plugins.webviewflutter.PigeonApiCustomViewCallback$Companion Companion
    static void <clinit>()
    public static androidx.core.app.NotificationCompat$Style getPigeonRegistrar()
    public static androidx.core.app.NotificationCompat$Style getPigeonRegistrar$io$flutter$plugins$webviewflutter$PigeonApiCustomViewCallback()
    public static void onCustomViewHidden()
    public static void pigeon_newInstance()
    public static void pigeon_newInstance$io$flutter$plugins$webviewflutter$PigeonApiCustomViewCallback()
io.flutter.plugins.webviewflutter.DisplayListenerProxy$1:
    public final synthetic io.flutter.embedding.engine.systemchannels.ProcessTextChannel$1 this$0
io.flutter.plugins.webviewflutter.DisplayListenerProxy
io.flutter.plugins.webviewflutter.DownloadListenerProxyApi$DownloadListenerImpl:
    public static synthetic kotlin.Unit $r8$lambda$3EwdXmc7QIKJ4bl8RqNGgPyT7LU()
    public static synthetic kotlin.Unit lambda$onDownloadStart$0()
    public static void lambda$onDownloadStart$1()
io.flutter.plugins.webviewflutter.DownloadListenerProxyApi:
    public final androidx.core.app.NotificationCompat$Style getPigeonRegistrar()
    public static io.flutter.plugins.webviewflutter.ProxyApiRegistrar getPigeonRegistrar()
    public final android.webkit.DownloadListener pigeon_defaultConstructor()
io.flutter.plugins.webviewflutter.FileChooserMode$Companion
io.flutter.plugins.webviewflutter.FileChooserMode:
    public static final androidx.window.layout.adapter.extensions.ExtensionWindowBackend$Companion Companion
    public static int getRaw()
io.flutter.plugins.webviewflutter.FileChooserParamsProxyApi
io.flutter.plugins.webviewflutter.FlutterAssetManager$PluginBindingFlutterAssetManager:
    public static java.lang.String getAssetFilePathByName()
    public static java.lang.String[] list()
    public static java.lang.String[] list$io$flutter$plugins$webviewflutter$FlutterAssetManager()
io.flutter.plugins.webviewflutter.FlutterAssetManager
io.flutter.plugins.webviewflutter.FlutterAssetManagerProxyApi:
    public static final io.flutter.plugins.webviewflutter.PigeonApiFlutterAssetManager$Companion Companion
    static void <clinit>()
    public static java.lang.String getAssetFilePathByName()
    public static androidx.core.app.NotificationCompat$Style getPigeonRegistrar()
    public static io.flutter.plugins.webviewflutter.ProxyApiRegistrar getPigeonRegistrar()
    public static androidx.core.app.NotificationCompat$Style getPigeonRegistrar$io$flutter$plugins$webviewflutter$PigeonApiFlutterAssetManager()
    public static io.flutter.plugins.webviewflutter.FlutterAssetManager$PluginBindingFlutterAssetManager instance()
    public static java.util.List list()
    public static void pigeon_newInstance()
    public static void pigeon_newInstance$io$flutter$plugins$webviewflutter$PigeonApiFlutterAssetManager()
io.flutter.plugins.webviewflutter.FlutterViewFactory$1:
    public final synthetic com.amolg.flutterbarcodescanner.widget.BarcodeViewFactory this$0
io.flutter.plugins.webviewflutter.FlutterViewFactory